# JRE version: Java(TM) SE Runtime Environment (24.0+36) (build 24+36-3646)
# Java VM: Java HotSpot(TM) 64-Bit Server VM (24+36-3646, mixed mode, sharing, tiered, compressed oops, compressed class ptrs, parallel gc, windows-amd64)
GC Precious Log:
 CardTable entry size: 512
 CPUs: 12 total, 12 available
 Memory: 5989M
 Large Page Support: Disabled
 NUMA Support: Disabled
 Compressed Oops: Enabled (32-bit)
 Alignments: Space 512K, Generation 512K, Heap 2M
 Heap Min Capacity: 100M
 Heap Initial Capacity: 100M
 Heap Max Capacity: 2G
 Pre-touch: Disabled
 Parallel Workers: 10
Heap:
 PSYoungGen      total 33792K, used 27470K [0x00000000d5580000, 0x00000000d8280000, 0x0000000100000000)
  eden space 33280K, 82% used [0x00000000d5580000,0x00000000d7027bd0,0x00000000d7600000)
  from space 512K, 34% used [0x00000000d8200000,0x00000000d822c010,0x00000000d8280000)
  to   space 3584K, 0% used [0x00000000d7b80000,0x00000000d7b80000,0x00000000d7f00000)
 ParOldGen       total 173568K, used 173296K [0x0000000080000000, 0x000000008a980000, 0x00000000d5580000)
  object space 173568K, 99% used [0x0000000080000000,0x000000008a93c098,0x000000008a980000)
 Metaspace       used 72014K, committed 73408K, reserved 1179648K
  class space    used 6635K, committed 7232K, reserved 1048576K
GC Heap History (20 events):
Event: 16992.193 GC heap before
{Heap before GC invocations=60 (full 3):
 PSYoungGen      total 40960K, used 40640K [0x00000000d5580000, 0x00000000d8f80000, 0x0000000100000000)
  eden space 32768K, 99% used [0x00000000d5580000,0x00000000d7577a18,0x00000000d7580000)
  from space 8192K, 96% used [0x00000000d8780000,0x00000000d8f38628,0x00000000d8f80000)
  to   space 10752K, 0% used [0x00000000d7a80000,0x00000000d7a80000,0x00000000d8500000)
 ParOldGen       total 115712K, used 115573K [0x0000000080000000, 0x0000000087100000, 0x00000000d5580000)
  object space 115712K, 99% used [0x0000000080000000,0x00000000870dd420,0x0000000087100000)
 Metaspace       used 71010K, committed 72384K, reserved 1179648K
  class space    used 6578K, committed 7168K, reserved 1048576K
}
Event: 16992.206 GC heap after
{Heap after GC invocations=60 (full 3):
 PSYoungGen      total 33792K, used 1314K [0x00000000d5580000, 0x00000000d8800000, 0x0000000100000000)
  eden space 32256K, 0% used [0x00000000d5580000,0x00000000d5580000,0x00000000d7500000)
  from space 1536K, 85% used [0x00000000d7a80000,0x00000000d7bc8948,0x00000000d7c00000)
  to   space 4608K, 0% used [0x00000000d8380000,0x00000000d8380000,0x00000000d8800000)
 ParOldGen       total 122368K, used 121910K [0x0000000080000000, 0x0000000087780000, 0x00000000d5580000)
  object space 122368K, 99% used [0x0000000080000000,0x000000008770db90,0x0000000087780000)
 Metaspace       used 71010K, committed 72384K, reserved 1179648K
  class space    used 6578K, committed 7168K, reserved 1048576K
}
Event: 17270.809 GC heap before
{Heap before GC invocations=61 (full 3):
 PSYoungGen      total 33792K, used 27854K [0x00000000d5580000, 0x00000000d8800000, 0x0000000100000000)
  eden space 32256K, 82% used [0x00000000d5580000,0x00000000d6f6b240,0x00000000d7500000)
  from space 1536K, 85% used [0x00000000d7a80000,0x00000000d7bc8948,0x00000000d7c00000)
  to   space 4608K, 0% used [0x00000000d8380000,0x00000000d8380000,0x00000000d8800000)
 ParOldGen       total 122368K, used 121910K [0x0000000080000000, 0x0000000087780000, 0x00000000d5580000)
  object space 122368K, 99% used [0x0000000080000000,0x000000008770db90,0x0000000087780000)
 Metaspace       used 71659K, committed 73088K, reserved 1179648K
  class space    used 6620K, committed 7232K, reserved 1048576K
}
Event: 17270.903 GC heap after
{Heap after GC invocations=61 (full 3):
 PSYoungGen      total 32768K, used 718K [0x00000000d5580000, 0x00000000d8480000, 0x0000000100000000)
  eden space 31744K, 0% used [0x00000000d5580000,0x00000000d5580000,0x00000000d7480000)
  from space 1024K, 70% used [0x00000000d8380000,0x00000000d8433ae0,0x00000000d8480000)
  to   space 1536K, 0% used [0x00000000d8180000,0x00000000d8180000,0x00000000d8300000)
 ParOldGen       total 122368K, used 122126K [0x0000000080000000, 0x0000000087780000, 0x00000000d5580000)
  object space 122368K, 99% used [0x0000000080000000,0x0000000087743bb0,0x0000000087780000)
 Metaspace       used 71659K, committed 73088K, reserved 1179648K
  class space    used 6620K, committed 7232K, reserved 1048576K
}
Event: 17271.278 GC heap before
{Heap before GC invocations=62 (full 3):
 PSYoungGen      total 32768K, used 32462K [0x00000000d5580000, 0x00000000d8480000, 0x0000000100000000)
  eden space 31744K, 100% used [0x00000000d5580000,0x00000000d7480000,0x00000000d7480000)
  from space 1024K, 70% used [0x00000000d8380000,0x00000000d8433ae0,0x00000000d8480000)
  to   space 1536K, 0% used [0x00000000d8180000,0x00000000d8180000,0x00000000d8300000)
 ParOldGen       total 122368K, used 122126K [0x0000000080000000, 0x0000000087780000, 0x00000000d5580000)
  object space 122368K, 99% used [0x0000000080000000,0x0000000087743bb0,0x0000000087780000)
 Metaspace       used 71673K, committed 73152K, reserved 1179648K
  class space    used 6620K, committed 7232K, reserved 1048576K
}
Event: 17271.287 GC heap after
{Heap after GC invocations=62 (full 3):
 PSYoungGen      total 46592K, used 256K [0x00000000d5580000, 0x00000000d8400000, 0x0000000100000000)
  eden space 45056K, 0% used [0x00000000d5580000,0x00000000d5580000,0x00000000d8180000)
  from space 1536K, 16% used [0x00000000d8180000,0x00000000d81c0000,0x00000000d8300000)
  to   space 1024K, 0% used [0x00000000d8300000,0x00000000d8300000,0x00000000d8400000)
 ParOldGen       total 122880K, used 122616K [0x0000000080000000, 0x0000000087800000, 0x00000000d5580000)
  object space 122880K, 99% used [0x0000000080000000,0x00000000877be398,0x0000000087800000)
 Metaspace       used 71673K, committed 73152K, reserved 1179648K
  class space    used 6620K, committed 7232K, reserved 1048576K
}
Event: 17673.888 GC heap before
{Heap before GC invocations=63 (full 3):
 PSYoungGen      total 46592K, used 42283K [0x00000000d5580000, 0x00000000d8400000, 0x0000000100000000)
  eden space 45056K, 93% used [0x00000000d5580000,0x00000000d7e8aee0,0x00000000d8180000)
  from space 1536K, 16% used [0x00000000d8180000,0x00000000d81c0000,0x00000000d8300000)
  to   space 1024K, 0% used [0x00000000d8300000,0x00000000d8300000,0x00000000d8400000)
 ParOldGen       total 122880K, used 122616K [0x0000000080000000, 0x0000000087800000, 0x00000000d5580000)
  object space 122880K, 99% used [0x0000000080000000,0x00000000877be398,0x0000000087800000)
 Metaspace       used 71840K, committed 73280K, reserved 1179648K
  class space    used 6632K, committed 7232K, reserved 1048576K
}
Event: 17673.931 GC heap after
{Heap after GC invocations=63 (full 3):
 PSYoungGen      total 45056K, used 640K [0x00000000d5580000, 0x00000000d8400000, 0x0000000100000000)
  eden space 44032K, 0% used [0x00000000d5580000,0x00000000d5580000,0x00000000d8080000)
  from space 1024K, 62% used [0x00000000d8300000,0x00000000d83a0080,0x00000000d8400000)
  to   space 1024K, 0% used [0x00000000d8200000,0x00000000d8200000,0x00000000d8300000)
 ParOldGen       total 132096K, used 131126K [0x0000000080000000, 0x0000000088100000, 0x00000000d5580000)
  object space 132096K, 99% used [0x0000000080000000,0x000000008800d8b8,0x0000000088100000)
 Metaspace       used 71840K, committed 73280K, reserved 1179648K
  class space    used 6632K, committed 7232K, reserved 1048576K
}
Event: 17673.988 GC heap before
{Heap before GC invocations=64 (full 3):
 PSYoungGen      total 45056K, used 43083K [0x00000000d5580000, 0x00000000d8400000, 0x0000000100000000)
  eden space 44032K, 96% used [0x00000000d5580000,0x00000000d7ef2c10,0x00000000d8080000)
  from space 1024K, 62% used [0x00000000d8300000,0x00000000d83a0080,0x00000000d8400000)
  to   space 1024K, 0% used [0x00000000d8200000,0x00000000d8200000,0x00000000d8300000)
 ParOldGen       total 132096K, used 131126K [0x0000000080000000, 0x0000000088100000, 0x00000000d5580000)
  object space 132096K, 99% used [0x0000000080000000,0x000000008800d8b8,0x0000000088100000)
 Metaspace       used 71840K, committed 73280K, reserved 1179648K
  class space    used 6632K, committed 7232K, reserved 1048576K
}
Event: 17674.000 GC heap after
{Heap after GC invocations=64 (full 3):
 PSYoungGen      total 44032K, used 208K [0x00000000d5580000, 0x00000000d8380000, 0x0000000100000000)
  eden space 43008K, 0% used [0x00000000d5580000,0x00000000d5580000,0x00000000d7f80000)
  from space 1024K, 20% used [0x00000000d8200000,0x00000000d8234010,0x00000000d8300000)
  to   space 512K, 0% used [0x00000000d8300000,0x00000000d8300000,0x00000000d8380000)
 ParOldGen       total 152064K, used 150790K [0x0000000080000000, 0x0000000089480000, 0x00000000d5580000)
  object space 152064K, 99% used [0x0000000080000000,0x0000000089341968,0x0000000089480000)
 Metaspace       used 71840K, committed 73280K, reserved 1179648K
  class space    used 6632K, committed 7232K, reserved 1048576K
}
Event: 17677.581 GC heap before
{Heap before GC invocations=65 (full 3):
 PSYoungGen      total 44032K, used 40789K [0x00000000d5580000, 0x00000000d8380000, 0x0000000100000000)
  eden space 43008K, 94% used [0x00000000d5580000,0x00000000d7d21680,0x00000000d7f80000)
  from space 1024K, 20% used [0x00000000d8200000,0x00000000d8234010,0x00000000d8300000)
  to   space 512K, 0% used [0x00000000d8300000,0x00000000d8300000,0x00000000d8380000)
 ParOldGen       total 152064K, used 150790K [0x0000000080000000, 0x0000000089480000, 0x00000000d5580000)
  object space 152064K, 99% used [0x0000000080000000,0x0000000089341968,0x0000000089480000)
 Metaspace       used 71856K, committed 73344K, reserved 1179648K
  class space    used 6632K, committed 7232K, reserved 1048576K
}
Event: 17677.589 GC heap after
{Heap after GC invocations=65 (full 3):
 PSYoungGen      total 36352K, used 496K [0x00000000d5580000, 0x00000000d9380000, 0x0000000100000000)
  eden space 35840K, 0% used [0x00000000d5580000,0x00000000d5580000,0x00000000d7880000)
  from space 512K, 96% used [0x00000000d8300000,0x00000000d837c030,0x00000000d8380000)
  to   space 10752K, 0% used [0x00000000d7880000,0x00000000d7880000,0x00000000d8300000)
 ParOldGen       total 160256K, used 159368K [0x0000000080000000, 0x0000000089c80000, 0x00000000d5580000)
  object space 160256K, 99% used [0x0000000080000000,0x0000000089ba2008,0x0000000089c80000)
 Metaspace       used 71856K, committed 73344K, reserved 1179648K
  class space    used 6632K, committed 7232K, reserved 1048576K
}
Event: 17677.622 GC heap before
{Heap before GC invocations=66 (full 3):
 PSYoungGen      total 36352K, used 35535K [0x00000000d5580000, 0x00000000d9380000, 0x0000000100000000)
  eden space 35840K, 97% used [0x00000000d5580000,0x00000000d77b7d60,0x00000000d7880000)
  from space 512K, 96% used [0x00000000d8300000,0x00000000d837c030,0x00000000d8380000)
  to   space 10752K, 0% used [0x00000000d7880000,0x00000000d7880000,0x00000000d8300000)
 ParOldGen       total 160256K, used 159368K [0x0000000080000000, 0x0000000089c80000, 0x00000000d5580000)
  object space 160256K, 99% used [0x0000000080000000,0x0000000089ba2008,0x0000000089c80000)
 Metaspace       used 71857K, committed 73344K, reserved 1179648K
  class space    used 6632K, committed 7232K, reserved 1048576K
}
Event: 17677.633 GC heap after
{Heap after GC invocations=66 (full 3):
 PSYoungGen      total 45568K, used 10725K [0x00000000d5580000, 0x00000000d9180000, 0x0000000100000000)
  eden space 34816K, 0% used [0x00000000d5580000,0x00000000d5580000,0x00000000d7780000)
  from space 10752K, 99% used [0x00000000d7880000,0x00000000d82f9420,0x00000000d8300000)
  to   space 13312K, 0% used [0x00000000d8480000,0x00000000d8480000,0x00000000d9180000)
 ParOldGen       total 161280K, used 160792K [0x0000000080000000, 0x0000000089d80000, 0x00000000d5580000)
  object space 161280K, 99% used [0x0000000080000000,0x0000000089d06058,0x0000000089d80000)
 Metaspace       used 71857K, committed 73344K, reserved 1179648K
  class space    used 6632K, committed 7232K, reserved 1048576K
}
Event: 17773.742 GC heap before
{Heap before GC invocations=67 (full 3):
 PSYoungGen      total 45568K, used 45541K [0x00000000d5580000, 0x00000000d9180000, 0x0000000100000000)
  eden space 34816K, 100% used [0x00000000d5580000,0x00000000d7780000,0x00000000d7780000)
  from space 10752K, 99% used [0x00000000d7880000,0x00000000d82f9420,0x00000000d8300000)
  to   space 13312K, 0% used [0x00000000d8480000,0x00000000d8480000,0x00000000d9180000)
 ParOldGen       total 161280K, used 160792K [0x0000000080000000, 0x0000000089d80000, 0x00000000d5580000)
  object space 161280K, 99% used [0x0000000080000000,0x0000000089d06058,0x0000000089d80000)
 Metaspace       used 71873K, committed 73344K, reserved 1179648K
  class space    used 6632K, committed 7232K, reserved 1048576K
}
Event: 17773.812 GC heap after
{Heap after GC invocations=67 (full 3):
 PSYoungGen      total 42496K, used 7951K [0x00000000d5580000, 0x00000000d8c80000, 0x0000000100000000)
  eden space 34304K, 0% used [0x00000000d5580000,0x00000000d5580000,0x00000000d7700000)
  from space 8192K, 97% used [0x00000000d8480000,0x00000000d8c43dc0,0x00000000d8c80000)
  to   space 9728K, 0% used [0x00000000d7980000,0x00000000d7980000,0x00000000d8300000)
 ParOldGen       total 163840K, used 163800K [0x0000000080000000, 0x000000008a000000, 0x00000000d5580000)
  object space 163840K, 99% used [0x0000000080000000,0x0000000089ff6058,0x000000008a000000)
 Metaspace       used 71873K, committed 73344K, reserved 1179648K
  class space    used 6632K, committed 7232K, reserved 1048576K
}
Event: 17775.723 GC heap before
{Heap before GC invocations=68 (full 3):
 PSYoungGen      total 42496K, used 37142K [0x00000000d5580000, 0x00000000d8c80000, 0x0000000100000000)
  eden space 34304K, 85% used [0x00000000d5580000,0x00000000d7201b28,0x00000000d7700000)
  from space 8192K, 97% used [0x00000000d8480000,0x00000000d8c43dc0,0x00000000d8c80000)
  to   space 9728K, 0% used [0x00000000d7980000,0x00000000d7980000,0x00000000d8300000)
 ParOldGen       total 163840K, used 163800K [0x0000000080000000, 0x000000008a000000, 0x00000000d5580000)
  object space 163840K, 99% used [0x0000000080000000,0x0000000089ff6058,0x000000008a000000)
 Metaspace       used 71991K, committed 73408K, reserved 1179648K
  class space    used 6635K, committed 7232K, reserved 1048576K
}
Event: 17775.749 GC heap after
{Heap after GC invocations=68 (full 3):
 PSYoungGen      total 42496K, used 8240K [0x00000000d5580000, 0x00000000d8780000, 0x0000000100000000)
  eden space 33792K, 0% used [0x00000000d5580000,0x00000000d5580000,0x00000000d7680000)
  from space 8704K, 94% used [0x00000000d7980000,0x00000000d818c040,0x00000000d8200000)
  to   space 5632K, 0% used [0x00000000d8200000,0x00000000d8200000,0x00000000d8780000)
 ParOldGen       total 165376K, used 165272K [0x0000000080000000, 0x000000008a180000, 0x00000000d5580000)
  object space 165376K, 99% used [0x0000000080000000,0x000000008a166058,0x000000008a180000)
 Metaspace       used 71991K, committed 73408K, reserved 1179648K
  class space    used 6635K, committed 7232K, reserved 1048576K
}
Event: 17775.784 GC heap before
{Heap before GC invocations=69 (full 3):
 PSYoungGen      total 42496K, used 39199K [0x00000000d5580000, 0x00000000d8780000, 0x0000000100000000)
  eden space 33792K, 91% used [0x00000000d5580000,0x00000000d73bbbd8,0x00000000d7680000)
  from space 8704K, 94% used [0x00000000d7980000,0x00000000d818c040,0x00000000d8200000)
  to   space 5632K, 0% used [0x00000000d8200000,0x00000000d8200000,0x00000000d8780000)
 ParOldGen       total 165376K, used 165272K [0x0000000080000000, 0x000000008a180000, 0x00000000d5580000)
  object space 165376K, 99% used [0x0000000080000000,0x000000008a166058,0x000000008a180000)
 Metaspace       used 71991K, committed 73408K, reserved 1179648K
  class space    used 6635K, committed 7232K, reserved 1048576K
}
Event: 17775.796 GC heap after
{Heap after GC invocations=69 (full 3):
 PSYoungGen      total 33792K, used 176K [0x00000000d5580000, 0x00000000d8280000, 0x0000000100000000)
  eden space 33280K, 0% used [0x00000000d5580000,0x00000000d5580000,0x00000000d7600000)
  from space 512K, 34% used [0x00000000d8200000,0x00000000d822c010,0x00000000d8280000)
  to   space 3584K, 0% used [0x00000000d7b80000,0x00000000d7b80000,0x00000000d7f00000)
 ParOldGen       total 173568K, used 173296K [0x0000000080000000, 0x000000008a980000, 0x00000000d5580000)
  object space 173568K, 99% used [0x0000000080000000,0x000000008a93c098,0x000000008a980000)
 Metaspace       used 71991K, committed 73408K, reserved 1179648K
  class space    used 6635K, committed 7232K, reserved 1048576K
}

