# JRE version: Java(TM) SE Runtime Environment (24.0+36) (build 24+36-3646)
# Java VM: Java HotSpot(TM) 64-Bit Server VM (24+36-3646, mixed mode, sharing, tiered, compressed oops, compressed class ptrs, parallel gc, windows-amd64)
GC Precious Log:
 CardTable entry size: 512
 CPUs: 12 total, 12 available
 Memory: 5989M
 Large Page Support: Disabled
 NUMA Support: Disabled
 Compressed Oops: Enabled (32-bit)
 Alignments: Space 512K, Generation 512K, Heap 2M
 Heap Min Capacity: 100M
 Heap Initial Capacity: 100M
 Heap Max Capacity: 2G
 Pre-touch: Disabled
 Parallel Workers: 10
Heap:
 PSYoungGen      total 33280K, used 15513K [0x00000000d5580000, 0x00000000d7880000, 0x0000000100000000)
  eden space 32256K, 47% used [0x00000000d5580000,0x00000000d649e7f8,0x00000000d7500000)
  from space 1024K, 3% used [0x00000000d7580000,0x00000000d7588000,0x00000000d7680000)
  to   space 512K, 0% used [0x00000000d7500000,0x00000000d7500000,0x00000000d7580000)
 ParOldGen       total 883712K, used 882799K [0x0000000080000000, 0x00000000b5f00000, 0x00000000d5580000)
  object space 883712K, 99% used [0x0000000080000000,0x00000000b5e1bff8,0x00000000b5f00000)
 Metaspace       used 91221K, committed 92800K, reserved 1179648K
  class space    used 8064K, committed 8768K, reserved 1048576K
GC Heap History (20 events):
Event: 22062.084 GC heap before
{Heap before GC invocations=275 (full 4):
 PSYoungGen      total 31744K, used 28052K [0x00000000d5580000, 0x00000000d7680000, 0x0000000100000000)
  eden space 27136K, 100% used [0x00000000d5580000,0x00000000d7000000,0x00000000d7000000)
  from space 4608K, 19% used [0x00000000d7200000,0x00000000d72e5358,0x00000000d7680000)
  to   space 2048K, 0% used [0x00000000d7000000,0x00000000d7000000,0x00000000d7200000)
 ParOldGen       total 838144K, used 837890K [0x0000000080000000, 0x00000000b3280000, 0x00000000d5580000)
  object space 838144K, 99% used [0x0000000080000000,0x00000000b3240a20,0x00000000b3280000)
 Metaspace       used 91180K, committed 92736K, reserved 1179648K
  class space    used 8064K, committed 8768K, reserved 1048576K
}
Event: 22062.088 GC heap after
{Heap after GC invocations=275 (full 4):
 PSYoungGen      total 28672K, used 2047K [0x00000000d5580000, 0x00000000d7980000, 0x0000000100000000)
  eden space 26624K, 0% used [0x00000000d5580000,0x00000000d5580000,0x00000000d6f80000)
  from space 2048K, 99% used [0x00000000d7000000,0x00000000d71ffc48,0x00000000d7200000)
  to   space 5120K, 0% used [0x00000000d7480000,0x00000000d7480000,0x00000000d7980000)
 ParOldGen       total 840192K, used 840040K [0x0000000080000000, 0x00000000b3480000, 0x00000000d5580000)
  object space 840192K, 99% used [0x0000000080000000,0x00000000b345a278,0x00000000b3480000)
 Metaspace       used 91180K, committed 92736K, reserved 1179648K
  class space    used 8064K, committed 8768K, reserved 1048576K
}
Event: 22062.924 GC heap before
{Heap before GC invocations=276 (full 4):
 PSYoungGen      total 28672K, used 28671K [0x00000000d5580000, 0x00000000d7980000, 0x0000000100000000)
  eden space 26624K, 100% used [0x00000000d5580000,0x00000000d6f80000,0x00000000d6f80000)
  from space 2048K, 99% used [0x00000000d7000000,0x00000000d71ffc48,0x00000000d7200000)
  to   space 5120K, 0% used [0x00000000d7480000,0x00000000d7480000,0x00000000d7980000)
 ParOldGen       total 840192K, used 840040K [0x0000000080000000, 0x00000000b3480000, 0x00000000d5580000)
  object space 840192K, 99% used [0x0000000080000000,0x00000000b345a278,0x00000000b3480000)
 Metaspace       used 91182K, committed 92736K, reserved 1179648K
  class space    used 8064K, committed 8768K, reserved 1048576K
}
Event: 22062.931 GC heap after
{Heap after GC invocations=276 (full 4):
 PSYoungGen      total 29696K, used 3529K [0x00000000d5580000, 0x00000000d7800000, 0x0000000100000000)
  eden space 26112K, 0% used [0x00000000d5580000,0x00000000d5580000,0x00000000d6f00000)
  from space 3584K, 98% used [0x00000000d7480000,0x00000000d77f2558,0x00000000d7800000)
  to   space 4096K, 0% used [0x00000000d7000000,0x00000000d7000000,0x00000000d7400000)
 ParOldGen       total 842240K, used 842099K [0x0000000080000000, 0x00000000b3680000, 0x00000000d5580000)
  object space 842240K, 99% used [0x0000000080000000,0x00000000b365ce30,0x00000000b3680000)
 Metaspace       used 91182K, committed 92736K, reserved 1179648K
  class space    used 8064K, committed 8768K, reserved 1048576K
}
Event: 22067.672 GC heap before
{Heap before GC invocations=277 (full 4):
 PSYoungGen      total 29696K, used 29641K [0x00000000d5580000, 0x00000000d7800000, 0x0000000100000000)
  eden space 26112K, 100% used [0x00000000d5580000,0x00000000d6f00000,0x00000000d6f00000)
  from space 3584K, 98% used [0x00000000d7480000,0x00000000d77f2558,0x00000000d7800000)
  to   space 4096K, 0% used [0x00000000d7000000,0x00000000d7000000,0x00000000d7400000)
 ParOldGen       total 842240K, used 842099K [0x0000000080000000, 0x00000000b3680000, 0x00000000d5580000)
  object space 842240K, 99% used [0x0000000080000000,0x00000000b365ce30,0x00000000b3680000)
 Metaspace       used 91189K, committed 92800K, reserved 1179648K
  class space    used 8064K, committed 8768K, reserved 1048576K
}
Event: 22067.678 GC heap after
{Heap after GC invocations=277 (full 4):
 PSYoungGen      total 30208K, used 2868K [0x00000000d5580000, 0x00000000d7680000, 0x0000000100000000)
  eden space 27136K, 0% used [0x00000000d5580000,0x00000000d5580000,0x00000000d7000000)
  from space 3072K, 93% used [0x00000000d7000000,0x00000000d72cd220,0x00000000d7300000)
  to   space 3584K, 0% used [0x00000000d7300000,0x00000000d7300000,0x00000000d7680000)
 ParOldGen       total 845824K, used 845510K [0x0000000080000000, 0x00000000b3a00000, 0x00000000d5580000)
  object space 845824K, 99% used [0x0000000080000000,0x00000000b39b19f0,0x00000000b3a00000)
 Metaspace       used 91189K, committed 92800K, reserved 1179648K
  class space    used 8064K, committed 8768K, reserved 1048576K
}
Event: 22069.030 GC heap before
{Heap before GC invocations=278 (full 4):
 PSYoungGen      total 30208K, used 30004K [0x00000000d5580000, 0x00000000d7680000, 0x0000000100000000)
  eden space 27136K, 100% used [0x00000000d5580000,0x00000000d7000000,0x00000000d7000000)
  from space 3072K, 93% used [0x00000000d7000000,0x00000000d72cd220,0x00000000d7300000)
  to   space 3584K, 0% used [0x00000000d7300000,0x00000000d7300000,0x00000000d7680000)
 ParOldGen       total 845824K, used 845510K [0x0000000080000000, 0x00000000b3a00000, 0x00000000d5580000)
  object space 845824K, 99% used [0x0000000080000000,0x00000000b39b19f0,0x00000000b3a00000)
 Metaspace       used 91197K, committed 92800K, reserved 1179648K
  class space    used 8064K, committed 8768K, reserved 1048576K
}
Event: 22069.034 GC heap after
{Heap after GC invocations=278 (full 4):
 PSYoungGen      total 31232K, used 1524K [0x00000000d5580000, 0x00000000d7680000, 0x0000000100000000)
  eden space 27648K, 0% used [0x00000000d5580000,0x00000000d5580000,0x00000000d7080000)
  from space 3584K, 42% used [0x00000000d7300000,0x00000000d747d220,0x00000000d7680000)
  to   space 2560K, 0% used [0x00000000d7080000,0x00000000d7080000,0x00000000d7300000)
 ParOldGen       total 848384K, used 848301K [0x0000000080000000, 0x00000000b3c80000, 0x00000000d5580000)
  object space 848384K, 99% used [0x0000000080000000,0x00000000b3c6b700,0x00000000b3c80000)
 Metaspace       used 91197K, committed 92800K, reserved 1179648K
  class space    used 8064K, committed 8768K, reserved 1048576K
}
Event: 22069.506 GC heap before
{Heap before GC invocations=279 (full 4):
 PSYoungGen      total 31232K, used 29172K [0x00000000d5580000, 0x00000000d7680000, 0x0000000100000000)
  eden space 27648K, 100% used [0x00000000d5580000,0x00000000d7080000,0x00000000d7080000)
  from space 3584K, 42% used [0x00000000d7300000,0x00000000d747d220,0x00000000d7680000)
  to   space 2560K, 0% used [0x00000000d7080000,0x00000000d7080000,0x00000000d7300000)
 ParOldGen       total 848384K, used 848301K [0x0000000080000000, 0x00000000b3c80000, 0x00000000d5580000)
  object space 848384K, 99% used [0x0000000080000000,0x00000000b3c6b700,0x00000000b3c80000)
 Metaspace       used 91202K, committed 92800K, reserved 1179648K
  class space    used 8064K, committed 8768K, reserved 1048576K
}
Event: 22069.512 GC heap after
{Heap after GC invocations=279 (full 4):
 PSYoungGen      total 30208K, used 1546K [0x00000000d5580000, 0x00000000d7680000, 0x0000000100000000)
  eden space 27648K, 0% used [0x00000000d5580000,0x00000000d5580000,0x00000000d7080000)
  from space 2560K, 60% used [0x00000000d7080000,0x00000000d7202a48,0x00000000d7300000)
  to   space 2048K, 0% used [0x00000000d7480000,0x00000000d7480000,0x00000000d7680000)
 ParOldGen       total 849920K, used 849625K [0x0000000080000000, 0x00000000b3e00000, 0x00000000d5580000)
  object space 849920K, 99% used [0x0000000080000000,0x00000000b3db65d0,0x00000000b3e00000)
 Metaspace       used 91202K, committed 92800K, reserved 1179648K
  class space    used 8064K, committed 8768K, reserved 1048576K
}
Event: 22090.159 GC heap before
{Heap before GC invocations=280 (full 4):
 PSYoungGen      total 30208K, used 29194K [0x00000000d5580000, 0x00000000d7680000, 0x0000000100000000)
  eden space 27648K, 100% used [0x00000000d5580000,0x00000000d7080000,0x00000000d7080000)
  from space 2560K, 60% used [0x00000000d7080000,0x00000000d7202a48,0x00000000d7300000)
  to   space 2048K, 0% used [0x00000000d7480000,0x00000000d7480000,0x00000000d7680000)
 ParOldGen       total 849920K, used 849625K [0x0000000080000000, 0x00000000b3e00000, 0x00000000d5580000)
  object space 849920K, 99% used [0x0000000080000000,0x00000000b3db65d0,0x00000000b3e00000)
 Metaspace       used 91213K, committed 92800K, reserved 1179648K
  class space    used 8064K, committed 8768K, reserved 1048576K
}
Event: 22090.163 GC heap after
{Heap after GC invocations=280 (full 4):
 PSYoungGen      total 29184K, used 2035K [0x00000000d5580000, 0x00000000d7800000, 0x0000000100000000)
  eden space 27136K, 0% used [0x00000000d5580000,0x00000000d5580000,0x00000000d7000000)
  from space 2048K, 99% used [0x00000000d7480000,0x00000000d767cc20,0x00000000d7680000)
  to   space 4096K, 0% used [0x00000000d7000000,0x00000000d7000000,0x00000000d7400000)
 ParOldGen       total 851456K, used 851064K [0x0000000080000000, 0x00000000b3f80000, 0x00000000d5580000)
  object space 851456K, 99% used [0x0000000080000000,0x00000000b3f1e3c0,0x00000000b3f80000)
 Metaspace       used 91213K, committed 92800K, reserved 1179648K
  class space    used 8064K, committed 8768K, reserved 1048576K
}
Event: 22090.286 GC heap before
{Heap before GC invocations=281 (full 4):
 PSYoungGen      total 29184K, used 29137K [0x00000000d5580000, 0x00000000d7800000, 0x0000000100000000)
  eden space 27136K, 99% used [0x00000000d5580000,0x00000000d6ff7a20,0x00000000d7000000)
  from space 2048K, 99% used [0x00000000d7480000,0x00000000d767cc20,0x00000000d7680000)
  to   space 4096K, 0% used [0x00000000d7000000,0x00000000d7000000,0x00000000d7400000)
 ParOldGen       total 851456K, used 851064K [0x0000000080000000, 0x00000000b3f80000, 0x00000000d5580000)
  object space 851456K, 99% used [0x0000000080000000,0x00000000b3f1e3c0,0x00000000b3f80000)
 Metaspace       used 91214K, committed 92800K, reserved 1179648K
  class space    used 8064K, committed 8768K, reserved 1048576K
}
Event: 22090.290 GC heap after
{Heap after GC invocations=281 (full 4):
 PSYoungGen      total 31232K, used 1856K [0x00000000d5580000, 0x00000000d7680000, 0x0000000100000000)
  eden space 27136K, 0% used [0x00000000d5580000,0x00000000d5580000,0x00000000d7000000)
  from space 4096K, 45% used [0x00000000d7000000,0x00000000d71d0000,0x00000000d7400000)
  to   space 2560K, 0% used [0x00000000d7400000,0x00000000d7400000,0x00000000d7680000)
 ParOldGen       total 852480K, used 852146K [0x0000000080000000, 0x00000000b4080000, 0x00000000d5580000)
  object space 852480K, 99% used [0x0000000080000000,0x00000000b402c868,0x00000000b4080000)
 Metaspace       used 91214K, committed 92800K, reserved 1179648K
  class space    used 8064K, committed 8768K, reserved 1048576K
}
Event: 22090.422 GC heap before
{Heap before GC invocations=282 (full 4):
 PSYoungGen      total 31232K, used 27570K [0x00000000d5580000, 0x00000000d7680000, 0x0000000100000000)
  eden space 27136K, 94% used [0x00000000d5580000,0x00000000d6e9cb08,0x00000000d7000000)
  from space 4096K, 45% used [0x00000000d7000000,0x00000000d71d0000,0x00000000d7400000)
  to   space 2560K, 0% used [0x00000000d7400000,0x00000000d7400000,0x00000000d7680000)
 ParOldGen       total 852480K, used 852146K [0x0000000080000000, 0x00000000b4080000, 0x00000000d5580000)
  object space 852480K, 99% used [0x0000000080000000,0x00000000b402c868,0x00000000b4080000)
 Metaspace       used 91214K, committed 92800K, reserved 1179648K
  class space    used 8064K, committed 8768K, reserved 1048576K
}
Event: 22090.431 GC heap after
{Heap after GC invocations=282 (full 4):
 PSYoungGen      total 31232K, used 2128K [0x00000000d5580000, 0x00000000d7680000, 0x0000000100000000)
  eden space 28672K, 0% used [0x00000000d5580000,0x00000000d5580000,0x00000000d7180000)
  from space 2560K, 83% used [0x00000000d7400000,0x00000000d7614010,0x00000000d7680000)
  to   space 2560K, 0% used [0x00000000d7180000,0x00000000d7180000,0x00000000d7400000)
 ParOldGen       total 861696K, used 861497K [0x0000000080000000, 0x00000000b4980000, 0x00000000d5580000)
  object space 861696K, 99% used [0x0000000080000000,0x00000000b494e698,0x00000000b4980000)
 Metaspace       used 91214K, committed 92800K, reserved 1179648K
  class space    used 8064K, committed 8768K, reserved 1048576K
}
Event: 22090.439 GC heap before
{Heap before GC invocations=283 (full 4):
 PSYoungGen      total 31232K, used 25260K [0x00000000d5580000, 0x00000000d7680000, 0x0000000100000000)
  eden space 28672K, 80% used [0x00000000d5580000,0x00000000d6c17390,0x00000000d7180000)
  from space 2560K, 83% used [0x00000000d7400000,0x00000000d7614010,0x00000000d7680000)
  to   space 2560K, 0% used [0x00000000d7180000,0x00000000d7180000,0x00000000d7400000)
 ParOldGen       total 861696K, used 861497K [0x0000000080000000, 0x00000000b4980000, 0x00000000d5580000)
  object space 861696K, 99% used [0x0000000080000000,0x00000000b494e698,0x00000000b4980000)
 Metaspace       used 91214K, committed 92800K, reserved 1179648K
  class space    used 8064K, committed 8768K, reserved 1048576K
}
Event: 22090.443 GC heap after
{Heap after GC invocations=283 (full 4):
 PSYoungGen      total 31232K, used 112K [0x00000000d5580000, 0x00000000d7680000, 0x0000000100000000)
  eden space 28672K, 0% used [0x00000000d5580000,0x00000000d5580000,0x00000000d7180000)
  from space 2560K, 4% used [0x00000000d7180000,0x00000000d719c010,0x00000000d7400000)
  to   space 1024K, 0% used [0x00000000d7580000,0x00000000d7580000,0x00000000d7680000)
 ParOldGen       total 863744K, used 863479K [0x0000000080000000, 0x00000000b4b80000, 0x00000000d5580000)
  object space 863744K, 99% used [0x0000000080000000,0x00000000b4b3dfa8,0x00000000b4b80000)
 Metaspace       used 91214K, committed 92800K, reserved 1179648K
  class space    used 8064K, committed 8768K, reserved 1048576K
}
Event: 22090.448 GC heap before
{Heap before GC invocations=284 (full 4):
 PSYoungGen      total 31232K, used 19572K [0x00000000d5580000, 0x00000000d7680000, 0x0000000100000000)
  eden space 28672K, 67% used [0x00000000d5580000,0x00000000d6881158,0x00000000d7180000)
  from space 2560K, 4% used [0x00000000d7180000,0x00000000d719c010,0x00000000d7400000)
  to   space 1024K, 0% used [0x00000000d7580000,0x00000000d7580000,0x00000000d7680000)
 ParOldGen       total 863744K, used 863479K [0x0000000080000000, 0x00000000b4b80000, 0x00000000d5580000)
  object space 863744K, 99% used [0x0000000080000000,0x00000000b4b3dfa8,0x00000000b4b80000)
 Metaspace       used 91214K, committed 92800K, reserved 1179648K
  class space    used 8064K, committed 8768K, reserved 1048576K
}
Event: 22090.461 GC heap after
{Heap after GC invocations=284 (full 4):
 PSYoungGen      total 33280K, used 32K [0x00000000d5580000, 0x00000000d7880000, 0x0000000100000000)
  eden space 32256K, 0% used [0x00000000d5580000,0x00000000d5580000,0x00000000d7500000)
  from space 1024K, 3% used [0x00000000d7580000,0x00000000d7588000,0x00000000d7680000)
  to   space 512K, 0% used [0x00000000d7500000,0x00000000d7500000,0x00000000d7580000)
 ParOldGen       total 883712K, used 882799K [0x0000000080000000, 0x00000000b5f00000, 0x00000000d5580000)
  object space 883712K, 99% used [0x0000000080000000,0x00000000b5e1bff8,0x00000000b5f00000)
 Metaspace       used 91214K, committed 92800K, reserved 1179648K
  class space    used 8064K, committed 8768K, reserved 1048576K
}

